{"/home/mask-code/MedichainAi/backend/server.js": {"path":"/home/mask-code/MedichainAi/backend/server.js","statementMap":{"0":{"start":{"line":1,"column":0},"end":{"line":1,"column":26}},"1":{"start":{"line":2,"column":16},"end":{"line":2,"column":34}},"2":{"start":{"line":3,"column":17},"end":{"line":3,"column":36}},"3":{"start":{"line":4,"column":13},"end":{"line":4,"column":28}},"4":{"start":{"line":5,"column":21},"end":{"line":5,"column":45}},"5":{"start":{"line":7,"column":12},"end":{"line":7,"column":21}},"6":{"start":{"line":8,"column":15},"end":{"line":8,"column":40}},"7":{"start":{"line":9,"column":11},"end":{"line":9,"column":24}},"8":{"start":{"line":10,"column":13},"end":{"line":10,"column":28}},"9":{"start":{"line":11,"column":15},"end":{"line":11,"column":32}},"10":{"start":{"line":12,"column":18},"end":{"line":12,"column":40}},"11":{"start":{"line":13,"column":19},"end":{"line":13,"column":49}},"12":{"start":{"line":14,"column":20},"end":{"line":14,"column":51}},"13":{"start":{"line":16,"column":0},"end":{"line":16,"column":12}},"14":{"start":{"line":19,"column":0},"end":{"line":22,"column":4}},"15":{"start":{"line":23,"column":0},"end":{"line":23,"column":41}},"16":{"start":{"line":24,"column":0},"end":{"line":24,"column":63}},"17":{"start":{"line":25,"column":0},"end":{"line":25,"column":24}},"18":{"start":{"line":28,"column":0},"end":{"line":28,"column":47}},"19":{"start":{"line":31,"column":24},"end":{"line":31,"column":101}},"20":{"start":{"line":32,"column":0},"end":{"line":32,"column":57}},"21":{"start":{"line":35,"column":0},"end":{"line":35,"column":34}},"22":{"start":{"line":36,"column":0},"end":{"line":36,"column":36}},"23":{"start":{"line":38,"column":13},"end":{"line":38,"column":37}},"24":{"start":{"line":39,"column":0},"end":{"line":41,"column":3}},"25":{"start":{"line":40,"column":2},"end":{"line":40,"column":51}}},"fnMap":{"0":{"name":"(anonymous_0)","decl":{"start":{"line":39,"column":17},"end":{"line":39,"column":18}},"loc":{"start":{"line":39,"column":23},"end":{"line":41,"column":1}},"line":39}},"branchMap":{"0":{"loc":{"start":{"line":38,"column":13},"end":{"line":38,"column":37}},"type":"binary-expr","locations":[{"start":{"line":38,"column":13},"end":{"line":38,"column":29}},{"start":{"line":38,"column":33},"end":{"line":38,"column":37}}],"line":38}},"s":{"0":1,"1":1,"2":1,"3":1,"4":1,"5":1,"6":1,"7":1,"8":1,"9":1,"10":1,"11":1,"12":1,"13":1,"14":1,"15":1,"16":1,"17":1,"18":1,"19":1,"20":1,"21":1,"22":1,"23":1,"24":1,"25":0},"f":{"0":0},"b":{"0":[1,0]},"_coverageSchema":"1a1c01bbd47fc00a2c39e90264f33305004495a9","hash":"14f7dff1eb8f709d3b06a908f4a2305c734b9d1e"}
,"/home/mask-code/MedichainAi/backend/config/db.js": {"path":"/home/mask-code/MedichainAi/backend/config/db.js","statementMap":{"0":{"start":{"line":1,"column":17},"end":{"line":1,"column":36}},"1":{"start":{"line":3,"column":18},"end":{"line":11,"column":1}},"2":{"start":{"line":4,"column":2},"end":{"line":10,"column":3}},"3":{"start":{"line":5,"column":4},"end":{"line":5,"column":50}},"4":{"start":{"line":6,"column":4},"end":{"line":6,"column":45}},"5":{"start":{"line":8,"column":4},"end":{"line":8,"column":63}},"6":{"start":{"line":9,"column":4},"end":{"line":9,"column":20}},"7":{"start":{"line":13,"column":0},"end":{"line":13,"column":27}}},"fnMap":{"0":{"name":"(anonymous_0)","decl":{"start":{"line":3,"column":18},"end":{"line":3,"column":19}},"loc":{"start":{"line":3,"column":30},"end":{"line":11,"column":1}},"line":3}},"branchMap":{},"s":{"0":1,"1":1,"2":1,"3":1,"4":0,"5":0,"6":0,"7":1},"f":{"0":1},"b":{},"_coverageSchema":"1a1c01bbd47fc00a2c39e90264f33305004495a9","hash":"306c280be6e61578d421128a068c63155457c9df"}
,"/home/mask-code/MedichainAi/backend/controllers/claimController.js": {"path":"/home/mask-code/MedichainAi/backend/controllers/claimController.js","statementMap":{"0":{"start":{"line":1,"column":14},"end":{"line":1,"column":40}},"1":{"start":{"line":2,"column":11},"end":{"line":2,"column":33}},"2":{"start":{"line":3,"column":13},"end":{"line":3,"column":28}},"3":{"start":{"line":6,"column":0},"end":{"line":34,"column":2}},"4":{"start":{"line":7,"column":4},"end":{"line":33,"column":5}},"5":{"start":{"line":8,"column":90},"end":{"line":8,"column":98}},"6":{"start":{"line":11,"column":26},"end":{"line":20,"column":9}},"7":{"start":{"line":21,"column":8},"end":{"line":21,"column":36}},"8":{"start":{"line":23,"column":22},"end":{"line":23,"column":51}},"9":{"start":{"line":24,"column":8},"end":{"line":27,"column":11}},"10":{"start":{"line":29,"column":8},"end":{"line":32,"column":11}},"11":{"start":{"line":37,"column":0},"end":{"line":52,"column":2}},"12":{"start":{"line":38,"column":4},"end":{"line":51,"column":5}},"13":{"start":{"line":39,"column":23},"end":{"line":40,"column":31}},"14":{"start":{"line":41,"column":8},"end":{"line":45,"column":11}},"15":{"start":{"line":47,"column":8},"end":{"line":50,"column":11}},"16":{"start":{"line":55,"column":0},"end":{"line":79,"column":2}},"17":{"start":{"line":56,"column":4},"end":{"line":78,"column":5}},"18":{"start":{"line":57,"column":22},"end":{"line":60,"column":10}},"19":{"start":{"line":62,"column":8},"end":{"line":67,"column":9}},"20":{"start":{"line":63,"column":12},"end":{"line":66,"column":15}},"21":{"start":{"line":69,"column":8},"end":{"line":72,"column":11}},"22":{"start":{"line":74,"column":8},"end":{"line":77,"column":11}},"23":{"start":{"line":82,"column":0},"end":{"line":138,"column":2}},"24":{"start":{"line":83,"column":4},"end":{"line":137,"column":5}},"25":{"start":{"line":84,"column":103},"end":{"line":84,"column":111}},"26":{"start":{"line":86,"column":25},"end":{"line":95,"column":9}},"27":{"start":{"line":98,"column":8},"end":{"line":110,"column":9}},"28":{"start":{"line":100,"column":26},"end":{"line":100,"column":61}},"29":{"start":{"line":101,"column":12},"end":{"line":101,"column":35}},"30":{"start":{"line":102,"column":12},"end":{"line":108,"column":13}},"31":{"start":{"line":103,"column":16},"end":{"line":107,"column":17}},"32":{"start":{"line":104,"column":20},"end":{"line":104,"column":48}},"33":{"start":{"line":106,"column":20},"end":{"line":106,"column":69}},"34":{"start":{"line":109,"column":12},"end":{"line":109,"column":44}},"35":{"start":{"line":112,"column":22},"end":{"line":119,"column":9}},"36":{"start":{"line":121,"column":8},"end":{"line":126,"column":9}},"37":{"start":{"line":122,"column":12},"end":{"line":125,"column":15}},"38":{"start":{"line":128,"column":8},"end":{"line":131,"column":11}},"39":{"start":{"line":133,"column":8},"end":{"line":136,"column":11}},"40":{"start":{"line":141,"column":0},"end":{"line":166,"column":2}},"41":{"start":{"line":142,"column":4},"end":{"line":165,"column":5}},"42":{"start":{"line":143,"column":22},"end":{"line":147,"column":9}},"43":{"start":{"line":149,"column":8},"end":{"line":154,"column":9}},"44":{"start":{"line":150,"column":12},"end":{"line":153,"column":15}},"45":{"start":{"line":156,"column":8},"end":{"line":159,"column":11}},"46":{"start":{"line":161,"column":8},"end":{"line":164,"column":11}}},"fnMap":{"0":{"name":"(anonymous_0)","decl":{"start":{"line":6,"column":22},"end":{"line":6,"column":23}},"loc":{"start":{"line":6,"column":42},"end":{"line":34,"column":1}},"line":6},"1":{"name":"(anonymous_1)","decl":{"start":{"line":37,"column":20},"end":{"line":37,"column":21}},"loc":{"start":{"line":37,"column":40},"end":{"line":52,"column":1}},"line":37},"2":{"name":"(anonymous_2)","decl":{"start":{"line":55,"column":19},"end":{"line":55,"column":20}},"loc":{"start":{"line":55,"column":39},"end":{"line":79,"column":1}},"line":55},"3":{"name":"(anonymous_3)","decl":{"start":{"line":82,"column":22},"end":{"line":82,"column":23}},"loc":{"start":{"line":82,"column":42},"end":{"line":138,"column":1}},"line":82},"4":{"name":"(anonymous_4)","decl":{"start":{"line":141,"column":22},"end":{"line":141,"column":23}},"loc":{"start":{"line":141,"column":42},"end":{"line":166,"column":1}},"line":141}},"branchMap":{"0":{"loc":{"start":{"line":19,"column":18},"end":{"line":19,"column":49}},"type":"cond-expr","locations":[{"start":{"line":19,"column":29},"end":{"line":19,"column":42}},{"start":{"line":19,"column":45},"end":{"line":19,"column":49}}],"line":19},"1":{"loc":{"start":{"line":62,"column":8},"end":{"line":67,"column":9}},"type":"if","locations":[{"start":{"line":62,"column":8},"end":{"line":67,"column":9}},{"start":{},"end":{}}],"line":62},"2":{"loc":{"start":{"line":98,"column":8},"end":{"line":110,"column":9}},"type":"if","locations":[{"start":{"line":98,"column":8},"end":{"line":110,"column":9}},{"start":{},"end":{}}],"line":98},"3":{"loc":{"start":{"line":102,"column":12},"end":{"line":108,"column":13}},"type":"if","locations":[{"start":{"line":102,"column":12},"end":{"line":108,"column":13}},{"start":{},"end":{}}],"line":102},"4":{"loc":{"start":{"line":102,"column":16},"end":{"line":102,"column":35}},"type":"binary-expr","locations":[{"start":{"line":102,"column":16},"end":{"line":102,"column":21}},{"start":{"line":102,"column":25},"end":{"line":102,"column":35}}],"line":102},"5":{"loc":{"start":{"line":121,"column":8},"end":{"line":126,"column":9}},"type":"if","locations":[{"start":{"line":121,"column":8},"end":{"line":126,"column":9}},{"start":{},"end":{}}],"line":121},"6":{"loc":{"start":{"line":149,"column":8},"end":{"line":154,"column":9}},"type":"if","locations":[{"start":{"line":149,"column":8},"end":{"line":154,"column":9}},{"start":{},"end":{}}],"line":149}},"s":{"0":1,"1":1,"2":1,"3":1,"4":0,"5":0,"6":0,"7":0,"8":0,"9":0,"10":0,"11":1,"12":0,"13":0,"14":0,"15":0,"16":1,"17":0,"18":0,"19":0,"20":0,"21":0,"22":0,"23":1,"24":0,"25":0,"26":0,"27":0,"28":0,"29":0,"30":0,"31":0,"32":0,"33":0,"34":0,"35":0,"36":0,"37":0,"38":0,"39":0,"40":1,"41":0,"42":0,"43":0,"44":0,"45":0,"46":0},"f":{"0":0,"1":0,"2":0,"3":0,"4":0},"b":{"0":[0,0],"1":[0,0],"2":[0,0],"3":[0,0],"4":[0,0],"5":[0,0],"6":[0,0]},"_coverageSchema":"1a1c01bbd47fc00a2c39e90264f33305004495a9","hash":"2c3501cc2bf91c56447322f64c80e32fac35a152"}
,"/home/mask-code/MedichainAi/backend/controllers/userController.js": {"path":"/home/mask-code/MedichainAi/backend/controllers/userController.js","statementMap":{"0":{"start":{"line":1,"column":13},"end":{"line":1,"column":38}},"1":{"start":{"line":2,"column":15},"end":{"line":2,"column":32}},"2":{"start":{"line":3,"column":12},"end":{"line":3,"column":35}},"3":{"start":{"line":4,"column":15},"end":{"line":4,"column":41}},"4":{"start":{"line":5,"column":11},"end":{"line":5,"column":33}},"5":{"start":{"line":6,"column":13},"end":{"line":6,"column":28}},"6":{"start":{"line":9,"column":21},"end":{"line":27,"column":1}},"7":{"start":{"line":10,"column":2},"end":{"line":26,"column":3}},"8":{"start":{"line":11,"column":56},"end":{"line":11,"column":64}},"9":{"start":{"line":14,"column":23},"end":{"line":14,"column":52}},"10":{"start":{"line":15,"column":4},"end":{"line":15,"column":84}},"11":{"start":{"line":15,"column":20},"end":{"line":15,"column":84}},"12":{"start":{"line":18,"column":17},"end":{"line":18,"column":70}},"13":{"start":{"line":19,"column":4},"end":{"line":19,"column":22}},"14":{"start":{"line":21,"column":4},"end":{"line":21,"column":70}},"15":{"start":{"line":22,"column":4},"end":{"line":22,"column":52}},"16":{"start":{"line":24,"column":4},"end":{"line":24,"column":45}},"17":{"start":{"line":25,"column":4},"end":{"line":25,"column":54}},"18":{"start":{"line":30,"column":18},"end":{"line":67,"column":1}},"19":{"start":{"line":31,"column":2},"end":{"line":66,"column":3}},"20":{"start":{"line":32,"column":32},"end":{"line":32,"column":40}},"21":{"start":{"line":35,"column":17},"end":{"line":35,"column":46}},"22":{"start":{"line":36,"column":4},"end":{"line":36,"column":79}},"23":{"start":{"line":36,"column":15},"end":{"line":36,"column":79}},"24":{"start":{"line":39,"column":20},"end":{"line":39,"column":65}},"25":{"start":{"line":40,"column":4},"end":{"line":40,"column":82}},"26":{"start":{"line":40,"column":18},"end":{"line":40,"column":82}},"27":{"start":{"line":43,"column":18},"end":{"line":47,"column":5}},"28":{"start":{"line":49,"column":4},"end":{"line":49,"column":127}},"29":{"start":{"line":51,"column":4},"end":{"line":60,"column":7}},"30":{"start":{"line":61,"column":4},"end":{"line":61,"column":51}},"31":{"start":{"line":64,"column":4},"end":{"line":64,"column":38}},"32":{"start":{"line":65,"column":4},"end":{"line":65,"column":54}},"33":{"start":{"line":69,"column":17},"end":{"line":81,"column":1}},"34":{"start":{"line":70,"column":2},"end":{"line":80,"column":3}},"35":{"start":{"line":71,"column":19},"end":{"line":71,"column":29}},"36":{"start":{"line":72,"column":17},"end":{"line":72,"column":40}},"37":{"start":{"line":73,"column":4},"end":{"line":73,"column":74}},"38":{"start":{"line":73,"column":15},"end":{"line":73,"column":74}},"39":{"start":{"line":75,"column":4},"end":{"line":75,"column":31}},"40":{"start":{"line":76,"column":4},"end":{"line":76,"column":49}},"41":{"start":{"line":78,"column":4},"end":{"line":78,"column":43}},"42":{"start":{"line":79,"column":4},"end":{"line":79,"column":54}},"43":{"start":{"line":83,"column":20},"end":{"line":122,"column":1}},"44":{"start":{"line":84,"column":2},"end":{"line":121,"column":3}},"45":{"start":{"line":85,"column":19},"end":{"line":85,"column":29}},"46":{"start":{"line":86,"column":32},"end":{"line":86,"column":40}},"47":{"start":{"line":88,"column":17},"end":{"line":88,"column":40}},"48":{"start":{"line":89,"column":4},"end":{"line":91,"column":5}},"49":{"start":{"line":90,"column":6},"end":{"line":90,"column":65}},"50":{"start":{"line":92,"column":21},"end":{"line":92,"column":73}},"51":{"start":{"line":93,"column":4},"end":{"line":93,"column":34}},"52":{"start":{"line":95,"column":4},"end":{"line":105,"column":5}},"53":{"start":{"line":96,"column":6},"end":{"line":103,"column":7}},"54":{"start":{"line":97,"column":8},"end":{"line":101,"column":7}},"55":{"start":{"line":98,"column":10},"end":{"line":98,"column":45}},"56":{"start":{"line":100,"column":10},"end":{"line":100,"column":59}},"57":{"start":{"line":104,"column":6},"end":{"line":104,"column":72}},"58":{"start":{"line":108,"column":23},"end":{"line":108,"column":82}},"59":{"start":{"line":109,"column":4},"end":{"line":116,"column":7}},"60":{"start":{"line":117,"column":4},"end":{"line":117,"column":49}},"61":{"start":{"line":119,"column":4},"end":{"line":119,"column":46}},"62":{"start":{"line":120,"column":4},"end":{"line":120,"column":54}},"63":{"start":{"line":124,"column":18},"end":{"line":135,"column":1}},"64":{"start":{"line":125,"column":2},"end":{"line":134,"column":3}},"65":{"start":{"line":126,"column":18},"end":{"line":126,"column":35}},"66":{"start":{"line":127,"column":4},"end":{"line":127,"column":32}},"67":{"start":{"line":129,"column":4},"end":{"line":129,"column":32}},"68":{"start":{"line":130,"column":4},"end":{"line":130,"column":33}},"69":{"start":{"line":132,"column":4},"end":{"line":132,"column":43}},"70":{"start":{"line":133,"column":4},"end":{"line":133,"column":54}},"71":{"start":{"line":141,"column":0},"end":{"line":141,"column":79}}},"fnMap":{"0":{"name":"(anonymous_0)","decl":{"start":{"line":9,"column":21},"end":{"line":9,"column":22}},"loc":{"start":{"line":9,"column":41},"end":{"line":27,"column":1}},"line":9},"1":{"name":"(anonymous_1)","decl":{"start":{"line":30,"column":18},"end":{"line":30,"column":19}},"loc":{"start":{"line":30,"column":38},"end":{"line":67,"column":1}},"line":30},"2":{"name":"(anonymous_2)","decl":{"start":{"line":69,"column":17},"end":{"line":69,"column":18}},"loc":{"start":{"line":69,"column":37},"end":{"line":81,"column":1}},"line":69},"3":{"name":"(anonymous_3)","decl":{"start":{"line":83,"column":20},"end":{"line":83,"column":21}},"loc":{"start":{"line":83,"column":40},"end":{"line":122,"column":1}},"line":83},"4":{"name":"(anonymous_4)","decl":{"start":{"line":124,"column":18},"end":{"line":124,"column":19}},"loc":{"start":{"line":124,"column":38},"end":{"line":135,"column":1}},"line":124}},"branchMap":{"0":{"loc":{"start":{"line":15,"column":4},"end":{"line":15,"column":84}},"type":"if","locations":[{"start":{"line":15,"column":4},"end":{"line":15,"column":84}},{"start":{},"end":{}}],"line":15},"1":{"loc":{"start":{"line":36,"column":4},"end":{"line":36,"column":79}},"type":"if","locations":[{"start":{"line":36,"column":4},"end":{"line":36,"column":79}},{"start":{},"end":{}}],"line":36},"2":{"loc":{"start":{"line":40,"column":4},"end":{"line":40,"column":82}},"type":"if","locations":[{"start":{"line":40,"column":4},"end":{"line":40,"column":82}},{"start":{},"end":{}}],"line":40},"3":{"loc":{"start":{"line":45,"column":6},"end":{"line":45,"column":47}},"type":"binary-expr","locations":[{"start":{"line":45,"column":6},"end":{"line":45,"column":28}},{"start":{"line":45,"column":32},"end":{"line":45,"column":47}}],"line":45},"4":{"loc":{"start":{"line":73,"column":4},"end":{"line":73,"column":74}},"type":"if","locations":[{"start":{"line":73,"column":4},"end":{"line":73,"column":74}},{"start":{},"end":{}}],"line":73},"5":{"loc":{"start":{"line":89,"column":4},"end":{"line":91,"column":5}},"type":"if","locations":[{"start":{"line":89,"column":4},"end":{"line":91,"column":5}},{"start":{},"end":{}}],"line":89},"6":{"loc":{"start":{"line":95,"column":4},"end":{"line":105,"column":5}},"type":"if","locations":[{"start":{"line":95,"column":4},"end":{"line":105,"column":5}},{"start":{},"end":{}}],"line":95},"7":{"loc":{"start":{"line":96,"column":6},"end":{"line":103,"column":7}},"type":"if","locations":[{"start":{"line":96,"column":6},"end":{"line":103,"column":7}},{"start":{},"end":{}}],"line":96}},"s":{"0":1,"1":1,"2":1,"3":1,"4":1,"5":1,"6":1,"7":0,"8":0,"9":0,"10":0,"11":0,"12":0,"13":0,"14":0,"15":0,"16":0,"17":0,"18":1,"19":0,"20":0,"21":0,"22":0,"23":0,"24":0,"25":0,"26":0,"27":0,"28":0,"29":0,"30":0,"31":0,"32":0,"33":1,"34":0,"35":0,"36":0,"37":0,"38":0,"39":0,"40":0,"41":0,"42":0,"43":1,"44":0,"45":0,"46":0,"47":0,"48":0,"49":0,"50":0,"51":0,"52":0,"53":0,"54":0,"55":0,"56":0,"57":0,"58":0,"59":0,"60":0,"61":0,"62":0,"63":1,"64":0,"65":0,"66":0,"67":0,"68":0,"69":0,"70":0,"71":1},"f":{"0":0,"1":0,"2":0,"3":0,"4":0},"b":{"0":[0,0],"1":[0,0],"2":[0,0],"3":[0,0],"4":[0,0],"5":[0,0],"6":[0,0],"7":[0,0]},"_coverageSchema":"1a1c01bbd47fc00a2c39e90264f33305004495a9","hash":"5cdf465550eae9976749eefcefafc7e8bb9537c1"}
,"/home/mask-code/MedichainAi/backend/middleware/authentication.js": {"path":"/home/mask-code/MedichainAi/backend/middleware/authentication.js","statementMap":{"0":{"start":{"line":1,"column":12},"end":{"line":1,"column":35}},"1":{"start":{"line":2,"column":13},"end":{"line":2,"column":38}},"2":{"start":{"line":4,"column":23},"end":{"line":29,"column":1}},"3":{"start":{"line":5,"column":4},"end":{"line":28,"column":5}},"4":{"start":{"line":7,"column":22},"end":{"line":7,"column":94}},"5":{"start":{"line":9,"column":8},"end":{"line":11,"column":9}},"6":{"start":{"line":10,"column":12},"end":{"line":10,"column":95}},"7":{"start":{"line":14,"column":24},"end":{"line":14,"column":84}},"8":{"start":{"line":17,"column":21},"end":{"line":17,"column":72}},"9":{"start":{"line":19,"column":8},"end":{"line":21,"column":9}},"10":{"start":{"line":20,"column":12},"end":{"line":20,"column":71}},"11":{"start":{"line":24,"column":8},"end":{"line":24,"column":24}},"12":{"start":{"line":25,"column":8},"end":{"line":25,"column":15}},"13":{"start":{"line":27,"column":8},"end":{"line":27,"column":64}},"14":{"start":{"line":31,"column":0},"end":{"line":31,"column":32}}},"fnMap":{"0":{"name":"(anonymous_0)","decl":{"start":{"line":4,"column":23},"end":{"line":4,"column":24}},"loc":{"start":{"line":4,"column":49},"end":{"line":29,"column":1}},"line":4}},"branchMap":{"0":{"loc":{"start":{"line":7,"column":22},"end":{"line":7,"column":94}},"type":"binary-expr","locations":[{"start":{"line":7,"column":22},"end":{"line":7,"column":73}},{"start":{"line":7,"column":77},"end":{"line":7,"column":94}}],"line":7},"1":{"loc":{"start":{"line":9,"column":8},"end":{"line":11,"column":9}},"type":"if","locations":[{"start":{"line":9,"column":8},"end":{"line":11,"column":9}},{"start":{},"end":{}}],"line":9},"2":{"loc":{"start":{"line":14,"column":42},"end":{"line":14,"column":83}},"type":"binary-expr","locations":[{"start":{"line":14,"column":42},"end":{"line":14,"column":64}},{"start":{"line":14,"column":68},"end":{"line":14,"column":83}}],"line":14},"3":{"loc":{"start":{"line":19,"column":8},"end":{"line":21,"column":9}},"type":"if","locations":[{"start":{"line":19,"column":8},"end":{"line":21,"column":9}},{"start":{},"end":{}}],"line":19}},"s":{"0":1,"1":1,"2":1,"3":0,"4":0,"5":0,"6":0,"7":0,"8":0,"9":0,"10":0,"11":0,"12":0,"13":0,"14":1},"f":{"0":0},"b":{"0":[0,0],"1":[0,0],"2":[0,0],"3":[0,0]},"_coverageSchema":"1a1c01bbd47fc00a2c39e90264f33305004495a9","hash":"0186878e1788cd9ef44b18f7e33fe68a71fd9bed"}
,"/home/mask-code/MedichainAi/backend/models/Claim.js": {"path":"/home/mask-code/MedichainAi/backend/models/Claim.js","statementMap":{"0":{"start":{"line":3,"column":17},"end":{"line":3,"column":36}},"1":{"start":{"line":5,"column":20},"end":{"line":61,"column":2}},"2":{"start":{"line":63,"column":0},"end":{"line":63,"column":54}}},"fnMap":{},"branchMap":{},"s":{"0":1,"1":1,"2":1},"f":{},"b":{},"_coverageSchema":"1a1c01bbd47fc00a2c39e90264f33305004495a9","hash":"af7037305daf09f746555e436ab87412ccb3d325"}
,"/home/mask-code/MedichainAi/backend/models/User.js": {"path":"/home/mask-code/MedichainAi/backend/models/User.js","statementMap":{"0":{"start":{"line":1,"column":17},"end":{"line":1,"column":36}},"1":{"start":{"line":2,"column":15},"end":{"line":2,"column":32}},"2":{"start":{"line":4,"column":19},"end":{"line":29,"column":2}},"3":{"start":{"line":32,"column":0},"end":{"line":37,"column":3}},"4":{"start":{"line":33,"column":2},"end":{"line":33,"column":50}},"5":{"start":{"line":33,"column":36},"end":{"line":33,"column":50}},"6":{"start":{"line":34,"column":15},"end":{"line":34,"column":39}},"7":{"start":{"line":35,"column":2},"end":{"line":35,"column":57}},"8":{"start":{"line":36,"column":2},"end":{"line":36,"column":9}},"9":{"start":{"line":41,"column":0},"end":{"line":41,"column":52}}},"fnMap":{"0":{"name":"(anonymous_0)","decl":{"start":{"line":32,"column":23},"end":{"line":32,"column":24}},"loc":{"start":{"line":32,"column":45},"end":{"line":37,"column":1}},"line":32}},"branchMap":{"0":{"loc":{"start":{"line":33,"column":2},"end":{"line":33,"column":50}},"type":"if","locations":[{"start":{"line":33,"column":2},"end":{"line":33,"column":50}},{"start":{},"end":{}}],"line":33}},"s":{"0":1,"1":1,"2":1,"3":1,"4":0,"5":0,"6":0,"7":0,"8":0,"9":1},"f":{"0":0},"b":{"0":[0,0]},"_coverageSchema":"1a1c01bbd47fc00a2c39e90264f33305004495a9","hash":"de77692f2922a5418da22bfcf2ba56c6866f1f62"}
,"/home/mask-code/MedichainAi/backend/routes/claimRoutes.js": {"path":"/home/mask-code/MedichainAi/backend/routes/claimRoutes.js","statementMap":{"0":{"start":{"line":1,"column":16},"end":{"line":1,"column":34}},"1":{"start":{"line":2,"column":15},"end":{"line":2,"column":31}},"2":{"start":{"line":9,"column":4},"end":{"line":9,"column":45}},"3":{"start":{"line":10,"column":15},"end":{"line":10,"column":47}},"4":{"start":{"line":11,"column":23},"end":{"line":11,"column":62}},"5":{"start":{"line":14,"column":0},"end":{"line":14,"column":69}},"6":{"start":{"line":15,"column":0},"end":{"line":15,"column":43}},"7":{"start":{"line":16,"column":0},"end":{"line":16,"column":45}},"8":{"start":{"line":17,"column":0},"end":{"line":17,"column":71}},"9":{"start":{"line":18,"column":0},"end":{"line":18,"column":51}},"10":{"start":{"line":20,"column":0},"end":{"line":20,"column":24}}},"fnMap":{},"branchMap":{},"s":{"0":1,"1":1,"2":1,"3":1,"4":1,"5":1,"6":1,"7":1,"8":1,"9":1,"10":1},"f":{},"b":{},"_coverageSchema":"1a1c01bbd47fc00a2c39e90264f33305004495a9","hash":"d4b193119c1eef54366ad16cf6e958cc766208ea"}
,"/home/mask-code/MedichainAi/backend/routes/userRoutes.js": {"path":"/home/mask-code/MedichainAi/backend/routes/userRoutes.js","statementMap":{"0":{"start":{"line":1,"column":16},"end":{"line":1,"column":34}},"1":{"start":{"line":2,"column":15},"end":{"line":2,"column":31}},"2":{"start":{"line":3,"column":70},"end":{"line":3,"column":110}},"3":{"start":{"line":4,"column":15},"end":{"line":4,"column":47}},"4":{"start":{"line":5,"column":23},"end":{"line":5,"column":62}},"5":{"start":{"line":8,"column":0},"end":{"line":8,"column":39}},"6":{"start":{"line":9,"column":0},"end":{"line":9,"column":33}},"7":{"start":{"line":12,"column":0},"end":{"line":12,"column":45}},"8":{"start":{"line":13,"column":0},"end":{"line":13,"column":79}},"9":{"start":{"line":14,"column":0},"end":{"line":14,"column":43}},"10":{"start":{"line":16,"column":0},"end":{"line":16,"column":24}}},"fnMap":{},"branchMap":{},"s":{"0":1,"1":1,"2":1,"3":1,"4":1,"5":1,"6":1,"7":1,"8":1,"9":1,"10":1},"f":{},"b":{},"_coverageSchema":"1a1c01bbd47fc00a2c39e90264f33305004495a9","hash":"20640116962becb856e0c60b5fb8994577f95e22"}
,"/home/mask-code/MedichainAi/backend/utils/logger.js": {"path":"/home/mask-code/MedichainAi/backend/utils/logger.js","statementMap":{"0":{"start":{"line":1,"column":45},"end":{"line":1,"column":63}},"1":{"start":{"line":3,"column":15},"end":{"line":14,"column":2}},"2":{"start":{"line":7,"column":53},"end":{"line":7,"column":104}},"3":{"start":{"line":16,"column":0},"end":{"line":16,"column":24}}},"fnMap":{"0":{"name":"(anonymous_0)","decl":{"start":{"line":7,"column":18},"end":{"line":7,"column":19}},"loc":{"start":{"line":7,"column":53},"end":{"line":7,"column":104}},"line":7}},"branchMap":{},"s":{"0":1,"1":1,"2":0,"3":1},"f":{"0":0},"b":{},"_coverageSchema":"1a1c01bbd47fc00a2c39e90264f33305004495a9","hash":"1d0f38b4526a38aa8af34fd92d0e322ce3ed3bff"}
,"/home/mask-code/MedichainAi/backend/utils/multerConfig.js": {"path":"/home/mask-code/MedichainAi/backend/utils/multerConfig.js","statementMap":{"0":{"start":{"line":1,"column":15},"end":{"line":1,"column":32}},"1":{"start":{"line":2,"column":13},"end":{"line":2,"column":28}},"2":{"start":{"line":5,"column":16},"end":{"line":20,"column":2}},"3":{"start":{"line":8,"column":25},"end":{"line":8,"column":35}},"4":{"start":{"line":9,"column":8},"end":{"line":13,"column":9}},"5":{"start":{"line":10,"column":12},"end":{"line":10,"column":43}},"6":{"start":{"line":11,"column":15},"end":{"line":13,"column":9}},"7":{"start":{"line":12,"column":12},"end":{"line":12,"column":45}},"8":{"start":{"line":14,"column":8},"end":{"line":14,"column":29}},"9":{"start":{"line":17,"column":29},"end":{"line":17,"column":79}},"10":{"start":{"line":18,"column":8},"end":{"line":18,"column":88}},"11":{"start":{"line":23,"column":19},"end":{"line":39,"column":1}},"12":{"start":{"line":25,"column":4},"end":{"line":38,"column":5}},"13":{"start":{"line":26,"column":8},"end":{"line":30,"column":9}},"14":{"start":{"line":27,"column":12},"end":{"line":27,"column":27}},"15":{"start":{"line":29,"column":12},"end":{"line":29,"column":76}},"16":{"start":{"line":33,"column":8},"end":{"line":37,"column":9}},"17":{"start":{"line":34,"column":12},"end":{"line":34,"column":27}},"18":{"start":{"line":36,"column":12},"end":{"line":36,"column":77}},"19":{"start":{"line":42,"column":15},"end":{"line":48,"column":2}},"20":{"start":{"line":50,"column":0},"end":{"line":50,"column":24}}},"fnMap":{"0":{"name":"(anonymous_0)","decl":{"start":{"line":6,"column":17},"end":{"line":6,"column":18}},"loc":{"start":{"line":6,"column":42},"end":{"line":15,"column":5}},"line":6},"1":{"name":"(anonymous_1)","decl":{"start":{"line":16,"column":14},"end":{"line":16,"column":15}},"loc":{"start":{"line":16,"column":39},"end":{"line":19,"column":5}},"line":16},"2":{"name":"(anonymous_2)","decl":{"start":{"line":23,"column":19},"end":{"line":23,"column":20}},"loc":{"start":{"line":23,"column":38},"end":{"line":39,"column":1}},"line":23}},"branchMap":{"0":{"loc":{"start":{"line":9,"column":8},"end":{"line":13,"column":9}},"type":"if","locations":[{"start":{"line":9,"column":8},"end":{"line":13,"column":9}},{"start":{"line":11,"column":15},"end":{"line":13,"column":9}}],"line":9},"1":{"loc":{"start":{"line":11,"column":15},"end":{"line":13,"column":9}},"type":"if","locations":[{"start":{"line":11,"column":15},"end":{"line":13,"column":9}},{"start":{},"end":{}}],"line":11},"2":{"loc":{"start":{"line":25,"column":4},"end":{"line":38,"column":5}},"type":"if","locations":[{"start":{"line":25,"column":4},"end":{"line":38,"column":5}},{"start":{"line":31,"column":11},"end":{"line":38,"column":5}}],"line":25},"3":{"loc":{"start":{"line":26,"column":8},"end":{"line":30,"column":9}},"type":"if","locations":[{"start":{"line":26,"column":8},"end":{"line":30,"column":9}},{"start":{"line":28,"column":15},"end":{"line":30,"column":9}}],"line":26},"4":{"loc":{"start":{"line":26,"column":12},"end":{"line":26,"column":85}},"type":"binary-expr","locations":[{"start":{"line":26,"column":12},"end":{"line":26,"column":46}},{"start":{"line":26,"column":50},"end":{"line":26,"column":85}}],"line":26},"5":{"loc":{"start":{"line":33,"column":8},"end":{"line":37,"column":9}},"type":"if","locations":[{"start":{"line":33,"column":8},"end":{"line":37,"column":9}},{"start":{"line":35,"column":15},"end":{"line":37,"column":9}}],"line":33}},"s":{"0":1,"1":1,"2":1,"3":0,"4":0,"5":0,"6":0,"7":0,"8":0,"9":0,"10":0,"11":1,"12":0,"13":0,"14":0,"15":0,"16":0,"17":0,"18":0,"19":1,"20":1},"f":{"0":0,"1":0,"2":0},"b":{"0":[0,0],"1":[0,0],"2":[0,0],"3":[0,0],"4":[0,0],"5":[0,0]},"_coverageSchema":"1a1c01bbd47fc00a2c39e90264f33305004495a9","hash":"7f386920118c3931041d640508cf4ce939f4e401"}
}
